{"C:\\Users\\THUG\\Desktop\\CodeFellas\\MarmatSewa\\MarmatSewa_backend\\models\\GarageOwner.js": {"path":"C:\\Users\\THUG\\Desktop\\CodeFellas\\MarmatSewa\\MarmatSewa_backend\\models\\GarageOwner.js","statementMap":{"0":{"start":{"line":1,"column":17},"end":{"line":1,"column":36}},"1":{"start":{"line":3,"column":19},"end":{"line":66,"column":21}},"2":{"start":{"line":68,"column":0},"end":{"line":68,"column":58}}},"fnMap":{},"branchMap":{},"s":{"0":2,"1":2,"2":2},"f":{},"b":{},"_coverageSchema":"1a1c01bbd47fc00a2c39e90264f33305004495a9","hash":"fd281b9a2d5de183e9fd4b523d3652281c8d0174"}
,"C:\\Users\\THUG\\Desktop\\CodeFellas\\MarmatSewa\\MarmatSewa_backend\\models\\User.js": {"path":"C:\\Users\\THUG\\Desktop\\CodeFellas\\MarmatSewa\\MarmatSewa_backend\\models\\User.js","statementMap":{"0":{"start":{"line":1,"column":17},"end":{"line":1,"column":36}},"1":{"start":{"line":3,"column":19},"end":{"line":45,"column":19}},"2":{"start":{"line":47,"column":0},"end":{"line":47,"column":52}}},"fnMap":{},"branchMap":{},"s":{"0":2,"1":2,"2":2},"f":{},"b":{},"_coverageSchema":"1a1c01bbd47fc00a2c39e90264f33305004495a9","hash":"8066713d01e1d87c51893be07a4c518b7c83d654"}
,"C:\\Users\\THUG\\Desktop\\CodeFellas\\MarmatSewa\\MarmatSewa_backend\\routes\\garageOwner.js": {"path":"C:\\Users\\THUG\\Desktop\\CodeFellas\\MarmatSewa\\MarmatSewa_backend\\routes\\garageOwner.js","statementMap":{"0":{"start":{"line":1,"column":16},"end":{"line":1,"column":34}},"1":{"start":{"line":2,"column":19},"end":{"line":2,"column":55}},"2":{"start":{"line":3,"column":20},"end":{"line":3,"column":52}},"3":{"start":{"line":4,"column":13},"end":{"line":4,"column":38}},"4":{"start":{"line":5,"column":15},"end":{"line":5,"column":34}},"5":{"start":{"line":7,"column":15},"end":{"line":7,"column":31}},"6":{"start":{"line":9,"column":0},"end":{"line":47,"column":3}},"7":{"start":{"line":11,"column":4},"end":{"line":11,"column":41}},"8":{"start":{"line":14,"column":30},"end":{"line":14,"column":62}},"9":{"start":{"line":15,"column":4},"end":{"line":20,"column":5}},"10":{"start":{"line":16,"column":8},"end":{"line":19,"column":11}},"11":{"start":{"line":22,"column":91},"end":{"line":22,"column":99}},"12":{"start":{"line":23,"column":4},"end":{"line":46,"column":19}},"13":{"start":{"line":25,"column":8},"end":{"line":29,"column":9}},"14":{"start":{"line":26,"column":22},"end":{"line":26,"column":56}},"15":{"start":{"line":27,"column":12},"end":{"line":27,"column":29}},"16":{"start":{"line":28,"column":12},"end":{"line":28,"column":29}},"17":{"start":{"line":30,"column":8},"end":{"line":45,"column":23}},"18":{"start":{"line":32,"column":12},"end":{"line":36,"column":13}},"19":{"start":{"line":33,"column":26},"end":{"line":33,"column":60}},"20":{"start":{"line":34,"column":16},"end":{"line":34,"column":33}},"21":{"start":{"line":35,"column":16},"end":{"line":35,"column":33}},"22":{"start":{"line":37,"column":12},"end":{"line":44,"column":27}},"23":{"start":{"line":39,"column":16},"end":{"line":43,"column":22}},"24":{"start":{"line":42,"column":24},"end":{"line":42,"column":86}},"25":{"start":{"line":81,"column":0},"end":{"line":81,"column":24}}},"fnMap":{"0":{"name":"(anonymous_0)","decl":{"start":{"line":10,"column":5},"end":{"line":10,"column":6}},"loc":{"start":{"line":10,"column":26},"end":{"line":12,"column":1}},"line":10},"1":{"name":"(anonymous_1)","decl":{"start":{"line":13,"column":6},"end":{"line":13,"column":7}},"loc":{"start":{"line":13,"column":26},"end":{"line":47,"column":1}},"line":13},"2":{"name":"(anonymous_2)","decl":{"start":{"line":24,"column":10},"end":{"line":24,"column":11}},"loc":{"start":{"line":24,"column":18},"end":{"line":46,"column":5}},"line":24},"3":{"name":"(anonymous_3)","decl":{"start":{"line":31,"column":14},"end":{"line":31,"column":15}},"loc":{"start":{"line":31,"column":29},"end":{"line":45,"column":9}},"line":31},"4":{"name":"(anonymous_4)","decl":{"start":{"line":38,"column":18},"end":{"line":38,"column":19}},"loc":{"start":{"line":38,"column":28},"end":{"line":44,"column":13}},"line":38},"5":{"name":"(anonymous_5)","decl":{"start":{"line":41,"column":26},"end":{"line":41,"column":27}},"loc":{"start":{"line":41,"column":34},"end":{"line":43,"column":21}},"line":41}},"branchMap":{"0":{"loc":{"start":{"line":15,"column":4},"end":{"line":20,"column":5}},"type":"if","locations":[{"start":{"line":15,"column":4},"end":{"line":20,"column":5}},{"start":{"line":15,"column":4},"end":{"line":20,"column":5}}],"line":15},"1":{"loc":{"start":{"line":25,"column":8},"end":{"line":29,"column":9}},"type":"if","locations":[{"start":{"line":25,"column":8},"end":{"line":29,"column":9}},{"start":{"line":25,"column":8},"end":{"line":29,"column":9}}],"line":25},"2":{"loc":{"start":{"line":32,"column":12},"end":{"line":36,"column":13}},"type":"if","locations":[{"start":{"line":32,"column":12},"end":{"line":36,"column":13}},{"start":{"line":32,"column":12},"end":{"line":36,"column":13}}],"line":32}},"s":{"0":1,"1":1,"2":1,"3":1,"4":1,"5":1,"6":1,"7":0,"8":3,"9":3,"10":1,"11":2,"12":2,"13":2,"14":0,"15":0,"16":0,"17":2,"18":2,"19":1,"20":1,"21":1,"22":1,"23":1,"24":1,"25":1},"f":{"0":0,"1":3,"2":2,"3":2,"4":1,"5":1},"b":{"0":[1,2],"1":[0,2],"2":[1,1]},"_coverageSchema":"1a1c01bbd47fc00a2c39e90264f33305004495a9","hash":"c837014949fd55732f97dbc33573de13150c5328"}
,"C:\\Users\\THUG\\Desktop\\CodeFellas\\MarmatSewa\\MarmatSewa_backend\\routes\\userRouter.js": {"path":"C:\\Users\\THUG\\Desktop\\CodeFellas\\MarmatSewa\\MarmatSewa_backend\\routes\\userRouter.js","statementMap":{"0":{"start":{"line":1,"column":16},"end":{"line":1,"column":34}},"1":{"start":{"line":2,"column":15},"end":{"line":2,"column":34}},"2":{"start":{"line":3,"column":12},"end":{"line":3,"column":35}},"3":{"start":{"line":4,"column":19},"end":{"line":4,"column":53}},"4":{"start":{"line":5,"column":13},"end":{"line":5,"column":38}},"5":{"start":{"line":6,"column":20},"end":{"line":6,"column":52}},"6":{"start":{"line":8,"column":15},"end":{"line":8,"column":31}},"7":{"start":{"line":10,"column":0},"end":{"line":44,"column":3}},"8":{"start":{"line":12,"column":30},"end":{"line":12,"column":64}},"9":{"start":{"line":13,"column":4},"end":{"line":18,"column":5}},"10":{"start":{"line":14,"column":8},"end":{"line":17,"column":11}},"11":{"start":{"line":20,"column":87},"end":{"line":20,"column":95}},"12":{"start":{"line":21,"column":4},"end":{"line":43,"column":23}},"13":{"start":{"line":23,"column":12},"end":{"line":27,"column":13}},"14":{"start":{"line":24,"column":26},"end":{"line":24,"column":60}},"15":{"start":{"line":25,"column":16},"end":{"line":25,"column":33}},"16":{"start":{"line":26,"column":16},"end":{"line":26,"column":33}},"17":{"start":{"line":28,"column":12},"end":{"line":42,"column":27}},"18":{"start":{"line":30,"column":16},"end":{"line":34,"column":17}},"19":{"start":{"line":31,"column":30},"end":{"line":31,"column":64}},"20":{"start":{"line":32,"column":20},"end":{"line":32,"column":37}},"21":{"start":{"line":33,"column":20},"end":{"line":33,"column":37}},"22":{"start":{"line":35,"column":16},"end":{"line":41,"column":31}},"23":{"start":{"line":37,"column":20},"end":{"line":40,"column":26}},"24":{"start":{"line":39,"column":28},"end":{"line":39,"column":90}},"25":{"start":{"line":46,"column":0},"end":{"line":109,"column":3}},"26":{"start":{"line":47,"column":30},"end":{"line":47,"column":38}},"27":{"start":{"line":48,"column":30},"end":{"line":48,"column":61}},"28":{"start":{"line":49,"column":4},"end":{"line":54,"column":5}},"29":{"start":{"line":50,"column":8},"end":{"line":53,"column":11}},"30":{"start":{"line":56,"column":4},"end":{"line":108,"column":23}},"31":{"start":{"line":58,"column":12},"end":{"line":107,"column":13}},"32":{"start":{"line":59,"column":16},"end":{"line":86,"column":31}},"33":{"start":{"line":61,"column":20},"end":{"line":85,"column":21}},"34":{"start":{"line":62,"column":34},"end":{"line":62,"column":68}},"35":{"start":{"line":63,"column":24},"end":{"line":63,"column":41}},"36":{"start":{"line":64,"column":24},"end":{"line":64,"column":41}},"37":{"start":{"line":66,"column":24},"end":{"line":84,"column":39}},"38":{"start":{"line":68,"column":28},"end":{"line":72,"column":29}},"39":{"start":{"line":69,"column":42},"end":{"line":69,"column":79}},"40":{"start":{"line":70,"column":32},"end":{"line":70,"column":49}},"41":{"start":{"line":71,"column":32},"end":{"line":71,"column":49}},"42":{"start":{"line":73,"column":42},"end":{"line":76,"column":29}},"43":{"start":{"line":77,"column":28},"end":{"line":83,"column":31}},"44":{"start":{"line":78,"column":32},"end":{"line":78,"column":58}},"45":{"start":{"line":78,"column":41},"end":{"line":78,"column":58}},"46":{"start":{"line":79,"column":40},"end":{"line":82,"column":35}},"47":{"start":{"line":88,"column":16},"end":{"line":106,"column":31}},"48":{"start":{"line":90,"column":20},"end":{"line":94,"column":21}},"49":{"start":{"line":91,"column":34},"end":{"line":91,"column":71}},"50":{"start":{"line":92,"column":24},"end":{"line":92,"column":41}},"51":{"start":{"line":93,"column":24},"end":{"line":93,"column":41}},"52":{"start":{"line":95,"column":34},"end":{"line":98,"column":21}},"53":{"start":{"line":99,"column":20},"end":{"line":105,"column":23}},"54":{"start":{"line":100,"column":24},"end":{"line":100,"column":50}},"55":{"start":{"line":100,"column":33},"end":{"line":100,"column":50}},"56":{"start":{"line":101,"column":24},"end":{"line":104,"column":27}},"57":{"start":{"line":111,"column":0},"end":{"line":111,"column":24}}},"fnMap":{"0":{"name":"(anonymous_0)","decl":{"start":{"line":10,"column":25},"end":{"line":10,"column":26}},"loc":{"start":{"line":10,"column":45},"end":{"line":44,"column":1}},"line":10},"1":{"name":"(anonymous_1)","decl":{"start":{"line":22,"column":14},"end":{"line":22,"column":15}},"loc":{"start":{"line":22,"column":22},"end":{"line":43,"column":9}},"line":22},"2":{"name":"(anonymous_2)","decl":{"start":{"line":29,"column":18},"end":{"line":29,"column":19}},"loc":{"start":{"line":29,"column":33},"end":{"line":42,"column":13}},"line":29},"3":{"name":"(anonymous_3)","decl":{"start":{"line":36,"column":22},"end":{"line":36,"column":23}},"loc":{"start":{"line":36,"column":32},"end":{"line":41,"column":17}},"line":36},"4":{"name":"(anonymous_4)","decl":{"start":{"line":38,"column":30},"end":{"line":38,"column":31}},"loc":{"start":{"line":38,"column":38},"end":{"line":40,"column":25}},"line":38},"5":{"name":"(anonymous_5)","decl":{"start":{"line":46,"column":22},"end":{"line":46,"column":23}},"loc":{"start":{"line":46,"column":42},"end":{"line":109,"column":1}},"line":46},"6":{"name":"(anonymous_6)","decl":{"start":{"line":57,"column":10},"end":{"line":57,"column":11}},"loc":{"start":{"line":57,"column":20},"end":{"line":108,"column":9}},"line":57},"7":{"name":"(anonymous_7)","decl":{"start":{"line":60,"column":22},"end":{"line":60,"column":23}},"loc":{"start":{"line":60,"column":37},"end":{"line":86,"column":17}},"line":60},"8":{"name":"(anonymous_8)","decl":{"start":{"line":67,"column":30},"end":{"line":67,"column":31}},"loc":{"start":{"line":67,"column":41},"end":{"line":84,"column":25}},"line":67},"9":{"name":"(anonymous_9)","decl":{"start":{"line":77,"column":66},"end":{"line":77,"column":67}},"loc":{"start":{"line":77,"column":82},"end":{"line":83,"column":29}},"line":77},"10":{"name":"(anonymous_10)","decl":{"start":{"line":89,"column":22},"end":{"line":89,"column":23}},"loc":{"start":{"line":89,"column":33},"end":{"line":106,"column":17}},"line":89},"11":{"name":"(anonymous_11)","decl":{"start":{"line":99,"column":58},"end":{"line":99,"column":59}},"loc":{"start":{"line":99,"column":74},"end":{"line":105,"column":21}},"line":99}},"branchMap":{"0":{"loc":{"start":{"line":13,"column":4},"end":{"line":18,"column":5}},"type":"if","locations":[{"start":{"line":13,"column":4},"end":{"line":18,"column":5}},{"start":{"line":13,"column":4},"end":{"line":18,"column":5}}],"line":13},"1":{"loc":{"start":{"line":23,"column":12},"end":{"line":27,"column":13}},"type":"if","locations":[{"start":{"line":23,"column":12},"end":{"line":27,"column":13}},{"start":{"line":23,"column":12},"end":{"line":27,"column":13}}],"line":23},"2":{"loc":{"start":{"line":30,"column":16},"end":{"line":34,"column":17}},"type":"if","locations":[{"start":{"line":30,"column":16},"end":{"line":34,"column":17}},{"start":{"line":30,"column":16},"end":{"line":34,"column":17}}],"line":30},"3":{"loc":{"start":{"line":49,"column":4},"end":{"line":54,"column":5}},"type":"if","locations":[{"start":{"line":49,"column":4},"end":{"line":54,"column":5}},{"start":{"line":49,"column":4},"end":{"line":54,"column":5}}],"line":49},"4":{"loc":{"start":{"line":58,"column":12},"end":{"line":107,"column":13}},"type":"if","locations":[{"start":{"line":58,"column":12},"end":{"line":107,"column":13}},{"start":{"line":58,"column":12},"end":{"line":107,"column":13}}],"line":58},"5":{"loc":{"start":{"line":61,"column":20},"end":{"line":85,"column":21}},"type":"if","locations":[{"start":{"line":61,"column":20},"end":{"line":85,"column":21}},{"start":{"line":61,"column":20},"end":{"line":85,"column":21}}],"line":61},"6":{"loc":{"start":{"line":68,"column":28},"end":{"line":72,"column":29}},"type":"if","locations":[{"start":{"line":68,"column":28},"end":{"line":72,"column":29}},{"start":{"line":68,"column":28},"end":{"line":72,"column":29}}],"line":68},"7":{"loc":{"start":{"line":78,"column":32},"end":{"line":78,"column":58}},"type":"if","locations":[{"start":{"line":78,"column":32},"end":{"line":78,"column":58}},{"start":{"line":78,"column":32},"end":{"line":78,"column":58}}],"line":78},"8":{"loc":{"start":{"line":90,"column":20},"end":{"line":94,"column":21}},"type":"if","locations":[{"start":{"line":90,"column":20},"end":{"line":94,"column":21}},{"start":{"line":90,"column":20},"end":{"line":94,"column":21}}],"line":90},"9":{"loc":{"start":{"line":100,"column":24},"end":{"line":100,"column":50}},"type":"if","locations":[{"start":{"line":100,"column":24},"end":{"line":100,"column":50}},{"start":{"line":100,"column":24},"end":{"line":100,"column":50}}],"line":100}},"s":{"0":1,"1":1,"2":1,"3":1,"4":1,"5":1,"6":1,"7":1,"8":4,"9":4,"10":2,"11":2,"12":2,"13":2,"14":0,"15":0,"16":0,"17":2,"18":2,"19":2,"20":2,"21":2,"22":0,"23":0,"24":0,"25":1,"26":3,"27":3,"28":3,"29":0,"30":3,"31":3,"32":3,"33":3,"34":1,"35":1,"36":1,"37":2,"38":2,"39":1,"40":1,"41":1,"42":1,"43":1,"44":1,"45":0,"46":1,"47":0,"48":0,"49":0,"50":0,"51":0,"52":0,"53":0,"54":0,"55":0,"56":0,"57":1},"f":{"0":4,"1":2,"2":2,"3":0,"4":0,"5":3,"6":3,"7":3,"8":2,"9":1,"10":0,"11":0},"b":{"0":[2,2],"1":[0,2],"2":[2,0],"3":[0,3],"4":[3,0],"5":[1,2],"6":[1,1],"7":[0,1],"8":[0,0],"9":[0,0]},"_coverageSchema":"1a1c01bbd47fc00a2c39e90264f33305004495a9","hash":"b85bc9e27b3825179f7ae20f54696a5d39d092b5"}
,"C:\\Users\\THUG\\Desktop\\CodeFellas\\MarmatSewa\\MarmatSewa_backend\\testing\\setup.js": {"path":"C:\\Users\\THUG\\Desktop\\CodeFellas\\MarmatSewa\\MarmatSewa_backend\\testing\\setup.js","statementMap":{"0":{"start":{"line":1,"column":16},"end":{"line":1,"column":35}},"1":{"start":{"line":3,"column":0},"end":{"line":15,"column":2}},"2":{"start":{"line":4,"column":4},"end":{"line":14,"column":6}},"3":{"start":{"line":9,"column":8},"end":{"line":9,"column":37}},"4":{"start":{"line":10,"column":8},"end":{"line":10,"column":15}},"5":{"start":{"line":12,"column":8},"end":{"line":12,"column":27}},"6":{"start":{"line":13,"column":8},"end":{"line":13,"column":24}},"7":{"start":{"line":17,"column":0},"end":{"line":22,"column":2}},"8":{"start":{"line":18,"column":4},"end":{"line":21,"column":7}},"9":{"start":{"line":19,"column":8},"end":{"line":19,"column":41}},"10":{"start":{"line":20,"column":8},"end":{"line":20,"column":15}}},"fnMap":{"0":{"name":"(anonymous_0)","decl":{"start":{"line":3,"column":10},"end":{"line":3,"column":11}},"loc":{"start":{"line":3,"column":20},"end":{"line":15,"column":1}},"line":3},"1":{"name":"(anonymous_1)","decl":{"start":{"line":8,"column":12},"end":{"line":8,"column":13}},"loc":{"start":{"line":8,"column":20},"end":{"line":11,"column":5}},"line":8},"2":{"name":"(anonymous_2)","decl":{"start":{"line":11,"column":13},"end":{"line":11,"column":14}},"loc":{"start":{"line":11,"column":22},"end":{"line":14,"column":5}},"line":11},"3":{"name":"(anonymous_3)","decl":{"start":{"line":17,"column":9},"end":{"line":17,"column":10}},"loc":{"start":{"line":17,"column":19},"end":{"line":22,"column":1}},"line":17},"4":{"name":"(anonymous_4)","decl":{"start":{"line":18,"column":31},"end":{"line":18,"column":32}},"loc":{"start":{"line":18,"column":37},"end":{"line":21,"column":5}},"line":18}},"branchMap":{},"s":{"0":2,"1":2,"2":2,"3":2,"4":2,"5":0,"6":0,"7":2,"8":2,"9":2,"10":2},"f":{"0":2,"1":2,"2":0,"3":2,"4":2},"b":{},"_coverageSchema":"1a1c01bbd47fc00a2c39e90264f33305004495a9","hash":"95d1a45d2cf4368658175d3d1956d7efb841ef41"}
,"C:\\Users\\THUG\\Desktop\\CodeFellas\\MarmatSewa\\MarmatSewa_backend\\utils\\garageValidation.js": {"path":"C:\\Users\\THUG\\Desktop\\CodeFellas\\MarmatSewa\\MarmatSewa_backend\\utils\\garageValidation.js","statementMap":{"0":{"start":{"line":1,"column":18},"end":{"line":1,"column":38}},"1":{"start":{"line":3,"column":20},"end":{"line":50,"column":1}},"2":{"start":{"line":4,"column":17},"end":{"line":4,"column":19}},"3":{"start":{"line":5,"column":4},"end":{"line":9,"column":62}},"4":{"start":{"line":6,"column":8},"end":{"line":8,"column":9}},"5":{"start":{"line":7,"column":12},"end":{"line":7,"column":82}},"6":{"start":{"line":9,"column":11},"end":{"line":9,"column":62}},"7":{"start":{"line":11,"column":4},"end":{"line":15,"column":51}},"8":{"start":{"line":12,"column":8},"end":{"line":14,"column":9}},"9":{"start":{"line":13,"column":12},"end":{"line":13,"column":76}},"10":{"start":{"line":15,"column":11},"end":{"line":15,"column":51}},"11":{"start":{"line":17,"column":4},"end":{"line":21,"column":60}},"12":{"start":{"line":18,"column":4},"end":{"line":20,"column":9}},"13":{"start":{"line":19,"column":12},"end":{"line":19,"column":61}},"14":{"start":{"line":21,"column":11},"end":{"line":21,"column":60}},"15":{"start":{"line":23,"column":4},"end":{"line":25,"column":5}},"16":{"start":{"line":24,"column":8},"end":{"line":24,"column":67}},"17":{"start":{"line":27,"column":4},"end":{"line":29,"column":5}},"18":{"start":{"line":28,"column":8},"end":{"line":28,"column":52}},"19":{"start":{"line":31,"column":4},"end":{"line":33,"column":5}},"20":{"start":{"line":32,"column":8},"end":{"line":32,"column":70}},"21":{"start":{"line":45,"column":4},"end":{"line":48,"column":5}},"22":{"start":{"line":51,"column":0},"end":{"line":53,"column":1}}},"fnMap":{"0":{"name":"(anonymous_0)","decl":{"start":{"line":3,"column":20},"end":{"line":3,"column":21}},"loc":{"start":{"line":3,"column":30},"end":{"line":50,"column":1}},"line":3}},"branchMap":{"0":{"loc":{"start":{"line":5,"column":4},"end":{"line":9,"column":62}},"type":"if","locations":[{"start":{"line":5,"column":4},"end":{"line":9,"column":62}},{"start":{"line":5,"column":4},"end":{"line":9,"column":62}}],"line":5},"1":{"loc":{"start":{"line":6,"column":8},"end":{"line":8,"column":9}},"type":"if","locations":[{"start":{"line":6,"column":8},"end":{"line":8,"column":9}},{"start":{"line":6,"column":8},"end":{"line":8,"column":9}}],"line":6},"2":{"loc":{"start":{"line":11,"column":4},"end":{"line":15,"column":51}},"type":"if","locations":[{"start":{"line":11,"column":4},"end":{"line":15,"column":51}},{"start":{"line":11,"column":4},"end":{"line":15,"column":51}}],"line":11},"3":{"loc":{"start":{"line":12,"column":8},"end":{"line":14,"column":9}},"type":"if","locations":[{"start":{"line":12,"column":8},"end":{"line":14,"column":9}},{"start":{"line":12,"column":8},"end":{"line":14,"column":9}}],"line":12},"4":{"loc":{"start":{"line":17,"column":4},"end":{"line":21,"column":60}},"type":"if","locations":[{"start":{"line":17,"column":4},"end":{"line":21,"column":60}},{"start":{"line":17,"column":4},"end":{"line":21,"column":60}}],"line":17},"5":{"loc":{"start":{"line":18,"column":4},"end":{"line":20,"column":9}},"type":"if","locations":[{"start":{"line":18,"column":4},"end":{"line":20,"column":9}},{"start":{"line":18,"column":4},"end":{"line":20,"column":9}}],"line":18},"6":{"loc":{"start":{"line":23,"column":4},"end":{"line":25,"column":5}},"type":"if","locations":[{"start":{"line":23,"column":4},"end":{"line":25,"column":5}},{"start":{"line":23,"column":4},"end":{"line":25,"column":5}}],"line":23},"7":{"loc":{"start":{"line":27,"column":4},"end":{"line":29,"column":5}},"type":"if","locations":[{"start":{"line":27,"column":4},"end":{"line":29,"column":5}},{"start":{"line":27,"column":4},"end":{"line":29,"column":5}}],"line":27},"8":{"loc":{"start":{"line":31,"column":4},"end":{"line":33,"column":5}},"type":"if","locations":[{"start":{"line":31,"column":4},"end":{"line":33,"column":5}},{"start":{"line":31,"column":4},"end":{"line":33,"column":5}}],"line":31}},"s":{"0":1,"1":1,"2":3,"3":3,"4":2,"5":0,"6":1,"7":3,"8":3,"9":0,"10":0,"11":3,"12":2,"13":0,"14":1,"15":3,"16":0,"17":3,"18":0,"19":3,"20":0,"21":3,"22":1},"f":{"0":3},"b":{"0":[2,1],"1":[0,2],"2":[3,0],"3":[0,3],"4":[2,1],"5":[0,2],"6":[0,3],"7":[0,3],"8":[0,3]},"_coverageSchema":"1a1c01bbd47fc00a2c39e90264f33305004495a9","hash":"ab8aedc0b6a4ed0a45389aff03aeae49233fec18"}
,"C:\\Users\\THUG\\Desktop\\CodeFellas\\MarmatSewa\\MarmatSewa_backend\\utils\\userValidation.js": {"path":"C:\\Users\\THUG\\Desktop\\CodeFellas\\MarmatSewa\\MarmatSewa_backend\\utils\\userValidation.js","statementMap":{"0":{"start":{"line":1,"column":18},"end":{"line":1,"column":38}},"1":{"start":{"line":3,"column":22},"end":{"line":56,"column":1}},"2":{"start":{"line":4,"column":17},"end":{"line":4,"column":19}},"3":{"start":{"line":5,"column":4},"end":{"line":9,"column":53}},"4":{"start":{"line":6,"column":8},"end":{"line":8,"column":9}},"5":{"start":{"line":7,"column":12},"end":{"line":7,"column":78}},"6":{"start":{"line":9,"column":11},"end":{"line":9,"column":53}},"7":{"start":{"line":11,"column":1},"end":{"line":17,"column":47}},"8":{"start":{"line":12,"column":8},"end":{"line":16,"column":9}},"9":{"start":{"line":13,"column":12},"end":{"line":13,"column":69}},"10":{"start":{"line":14,"column":15},"end":{"line":16,"column":9}},"11":{"start":{"line":15,"column":12},"end":{"line":15,"column":43}},"12":{"start":{"line":17,"column":11},"end":{"line":17,"column":47}},"13":{"start":{"line":19,"column":4},"end":{"line":25,"column":53}},"14":{"start":{"line":20,"column":8},"end":{"line":24,"column":9}},"15":{"start":{"line":21,"column":12},"end":{"line":21,"column":78}},"16":{"start":{"line":22,"column":16},"end":{"line":24,"column":9}},"17":{"start":{"line":23,"column":12},"end":{"line":23,"column":69}},"18":{"start":{"line":25,"column":11},"end":{"line":25,"column":53}},"19":{"start":{"line":27,"column":4},"end":{"line":33,"column":56}},"20":{"start":{"line":28,"column":8},"end":{"line":32,"column":9}},"21":{"start":{"line":29,"column":12},"end":{"line":29,"column":66}},"22":{"start":{"line":30,"column":15},"end":{"line":32,"column":9}},"23":{"start":{"line":31,"column":12},"end":{"line":31,"column":57}},"24":{"start":{"line":33,"column":11},"end":{"line":33,"column":56}},"25":{"start":{"line":35,"column":4},"end":{"line":39,"column":51}},"26":{"start":{"line":36,"column":8},"end":{"line":38,"column":9}},"27":{"start":{"line":37,"column":12},"end":{"line":37,"column":76}},"28":{"start":{"line":39,"column":11},"end":{"line":39,"column":51}},"29":{"start":{"line":41,"column":4},"end":{"line":43,"column":5}},"30":{"start":{"line":42,"column":8},"end":{"line":42,"column":50}},"31":{"start":{"line":45,"column":4},"end":{"line":47,"column":5}},"32":{"start":{"line":46,"column":8},"end":{"line":46,"column":46}},"33":{"start":{"line":49,"column":4},"end":{"line":51,"column":5}},"34":{"start":{"line":50,"column":8},"end":{"line":50,"column":63}},"35":{"start":{"line":52,"column":4},"end":{"line":55,"column":5}},"36":{"start":{"line":58,"column":19},"end":{"line":78,"column":1}},"37":{"start":{"line":59,"column":17},"end":{"line":59,"column":19}},"38":{"start":{"line":60,"column":4},"end":{"line":64,"column":53}},"39":{"start":{"line":61,"column":8},"end":{"line":63,"column":9}},"40":{"start":{"line":62,"column":12},"end":{"line":62,"column":78}},"41":{"start":{"line":64,"column":11},"end":{"line":64,"column":53}},"42":{"start":{"line":66,"column":1},"end":{"line":72,"column":47}},"43":{"start":{"line":67,"column":8},"end":{"line":71,"column":9}},"44":{"start":{"line":68,"column":12},"end":{"line":68,"column":69}},"45":{"start":{"line":69,"column":15},"end":{"line":71,"column":9}},"46":{"start":{"line":70,"column":12},"end":{"line":70,"column":43}},"47":{"start":{"line":72,"column":11},"end":{"line":72,"column":47}},"48":{"start":{"line":74,"column":4},"end":{"line":77,"column":5}},"49":{"start":{"line":80,"column":0},"end":{"line":82,"column":1}}},"fnMap":{"0":{"name":"(anonymous_0)","decl":{"start":{"line":3,"column":22},"end":{"line":3,"column":23}},"loc":{"start":{"line":3,"column":32},"end":{"line":56,"column":1}},"line":3},"1":{"name":"(anonymous_1)","decl":{"start":{"line":58,"column":19},"end":{"line":58,"column":20}},"loc":{"start":{"line":58,"column":29},"end":{"line":78,"column":1}},"line":58}},"branchMap":{"0":{"loc":{"start":{"line":5,"column":4},"end":{"line":9,"column":53}},"type":"if","locations":[{"start":{"line":5,"column":4},"end":{"line":9,"column":53}},{"start":{"line":5,"column":4},"end":{"line":9,"column":53}}],"line":5},"1":{"loc":{"start":{"line":6,"column":8},"end":{"line":8,"column":9}},"type":"if","locations":[{"start":{"line":6,"column":8},"end":{"line":8,"column":9}},{"start":{"line":6,"column":8},"end":{"line":8,"column":9}}],"line":6},"2":{"loc":{"start":{"line":11,"column":1},"end":{"line":17,"column":47}},"type":"if","locations":[{"start":{"line":11,"column":1},"end":{"line":17,"column":47}},{"start":{"line":11,"column":1},"end":{"line":17,"column":47}}],"line":11},"3":{"loc":{"start":{"line":12,"column":8},"end":{"line":16,"column":9}},"type":"if","locations":[{"start":{"line":12,"column":8},"end":{"line":16,"column":9}},{"start":{"line":12,"column":8},"end":{"line":16,"column":9}}],"line":12},"4":{"loc":{"start":{"line":14,"column":15},"end":{"line":16,"column":9}},"type":"if","locations":[{"start":{"line":14,"column":15},"end":{"line":16,"column":9}},{"start":{"line":14,"column":15},"end":{"line":16,"column":9}}],"line":14},"5":{"loc":{"start":{"line":19,"column":4},"end":{"line":25,"column":53}},"type":"if","locations":[{"start":{"line":19,"column":4},"end":{"line":25,"column":53}},{"start":{"line":19,"column":4},"end":{"line":25,"column":53}}],"line":19},"6":{"loc":{"start":{"line":20,"column":8},"end":{"line":24,"column":9}},"type":"if","locations":[{"start":{"line":20,"column":8},"end":{"line":24,"column":9}},{"start":{"line":20,"column":8},"end":{"line":24,"column":9}}],"line":20},"7":{"loc":{"start":{"line":22,"column":16},"end":{"line":24,"column":9}},"type":"if","locations":[{"start":{"line":22,"column":16},"end":{"line":24,"column":9}},{"start":{"line":22,"column":16},"end":{"line":24,"column":9}}],"line":22},"8":{"loc":{"start":{"line":27,"column":4},"end":{"line":33,"column":56}},"type":"if","locations":[{"start":{"line":27,"column":4},"end":{"line":33,"column":56}},{"start":{"line":27,"column":4},"end":{"line":33,"column":56}}],"line":27},"9":{"loc":{"start":{"line":28,"column":8},"end":{"line":32,"column":9}},"type":"if","locations":[{"start":{"line":28,"column":8},"end":{"line":32,"column":9}},{"start":{"line":28,"column":8},"end":{"line":32,"column":9}}],"line":28},"10":{"loc":{"start":{"line":30,"column":15},"end":{"line":32,"column":9}},"type":"if","locations":[{"start":{"line":30,"column":15},"end":{"line":32,"column":9}},{"start":{"line":30,"column":15},"end":{"line":32,"column":9}}],"line":30},"11":{"loc":{"start":{"line":35,"column":4},"end":{"line":39,"column":51}},"type":"if","locations":[{"start":{"line":35,"column":4},"end":{"line":39,"column":51}},{"start":{"line":35,"column":4},"end":{"line":39,"column":51}}],"line":35},"12":{"loc":{"start":{"line":36,"column":8},"end":{"line":38,"column":9}},"type":"if","locations":[{"start":{"line":36,"column":8},"end":{"line":38,"column":9}},{"start":{"line":36,"column":8},"end":{"line":38,"column":9}}],"line":36},"13":{"loc":{"start":{"line":41,"column":4},"end":{"line":43,"column":5}},"type":"if","locations":[{"start":{"line":41,"column":4},"end":{"line":43,"column":5}},{"start":{"line":41,"column":4},"end":{"line":43,"column":5}}],"line":41},"14":{"loc":{"start":{"line":45,"column":4},"end":{"line":47,"column":5}},"type":"if","locations":[{"start":{"line":45,"column":4},"end":{"line":47,"column":5}},{"start":{"line":45,"column":4},"end":{"line":47,"column":5}}],"line":45},"15":{"loc":{"start":{"line":49,"column":4},"end":{"line":51,"column":5}},"type":"if","locations":[{"start":{"line":49,"column":4},"end":{"line":51,"column":5}},{"start":{"line":49,"column":4},"end":{"line":51,"column":5}}],"line":49},"16":{"loc":{"start":{"line":60,"column":4},"end":{"line":64,"column":53}},"type":"if","locations":[{"start":{"line":60,"column":4},"end":{"line":64,"column":53}},{"start":{"line":60,"column":4},"end":{"line":64,"column":53}}],"line":60},"17":{"loc":{"start":{"line":61,"column":8},"end":{"line":63,"column":9}},"type":"if","locations":[{"start":{"line":61,"column":8},"end":{"line":63,"column":9}},{"start":{"line":61,"column":8},"end":{"line":63,"column":9}}],"line":61},"18":{"loc":{"start":{"line":66,"column":1},"end":{"line":72,"column":47}},"type":"if","locations":[{"start":{"line":66,"column":1},"end":{"line":72,"column":47}},{"start":{"line":66,"column":1},"end":{"line":72,"column":47}}],"line":66},"19":{"loc":{"start":{"line":67,"column":8},"end":{"line":71,"column":9}},"type":"if","locations":[{"start":{"line":67,"column":8},"end":{"line":71,"column":9}},{"start":{"line":67,"column":8},"end":{"line":71,"column":9}}],"line":67},"20":{"loc":{"start":{"line":69,"column":15},"end":{"line":71,"column":9}},"type":"if","locations":[{"start":{"line":69,"column":15},"end":{"line":71,"column":9}},{"start":{"line":69,"column":15},"end":{"line":71,"column":9}}],"line":69}},"s":{"0":1,"1":1,"2":4,"3":4,"4":4,"5":0,"6":0,"7":4,"8":4,"9":0,"10":4,"11":1,"12":0,"13":4,"14":4,"15":1,"16":3,"17":0,"18":0,"19":4,"20":4,"21":0,"22":4,"23":0,"24":0,"25":4,"26":4,"27":0,"28":0,"29":4,"30":0,"31":4,"32":0,"33":4,"34":0,"35":4,"36":1,"37":3,"38":3,"39":3,"40":0,"41":0,"42":3,"43":3,"44":0,"45":3,"46":0,"47":0,"48":3,"49":1},"f":{"0":4,"1":3},"b":{"0":[4,0],"1":[0,4],"2":[4,0],"3":[0,4],"4":[1,3],"5":[4,0],"6":[1,3],"7":[0,3],"8":[4,0],"9":[0,4],"10":[0,4],"11":[4,0],"12":[0,4],"13":[0,4],"14":[0,4],"15":[0,4],"16":[3,0],"17":[0,3],"18":[3,0],"19":[0,3],"20":[0,3]},"_coverageSchema":"1a1c01bbd47fc00a2c39e90264f33305004495a9","hash":"355a6d6ea027184eaf1b5db6f42f8c71f5e0cada"}
}
