TN:
SF:models\GarageOwner.js
FNF:0
FNH:0
DA:1,1
DA:3,1
DA:73,1
LF:3
LH:3
BRF:0
BRH:0
end_of_record
TN:
SF:models\User.js
FNF:0
FNH:0
DA:1,1
DA:3,1
DA:47,1
LF:3
LH:3
BRF:0
BRH:0
end_of_record
TN:
SF:routes\userRouter.js
FN:10,(anonymous_0)
FN:22,(anonymous_1)
FN:29,(anonymous_2)
FN:36,(anonymous_3)
FN:38,(anonymous_4)
FN:46,(anonymous_5)
FN:57,(anonymous_6)
FN:60,(anonymous_7)
FN:67,(anonymous_8)
FN:77,(anonymous_9)
FN:89,(anonymous_10)
FN:99,(anonymous_11)
FNF:12
FNH:10
FNDA:4,(anonymous_0)
FNDA:2,(anonymous_1)
FNDA:1,(anonymous_2)
FNDA:1,(anonymous_3)
FNDA:1,(anonymous_4)
FNDA:3,(anonymous_5)
FNDA:3,(anonymous_6)
FNDA:1,(anonymous_7)
FNDA:0,(anonymous_8)
FNDA:0,(anonymous_9)
FNDA:2,(anonymous_10)
FNDA:1,(anonymous_11)
DA:1,1
DA:2,1
DA:3,1
DA:4,1
DA:5,1
DA:6,1
DA:8,1
DA:10,1
DA:12,4
DA:13,4
DA:14,2
DA:20,2
DA:21,2
DA:23,2
DA:24,1
DA:25,1
DA:26,1
DA:28,1
DA:30,1
DA:31,0
DA:32,0
DA:33,0
DA:35,1
DA:37,1
DA:39,1
DA:46,1
DA:47,3
DA:48,3
DA:49,3
DA:50,0
DA:56,3
DA:58,3
DA:59,1
DA:61,1
DA:62,1
DA:63,1
DA:64,1
DA:66,0
DA:68,0
DA:69,0
DA:70,0
DA:71,0
DA:73,0
DA:77,0
DA:78,0
DA:79,0
DA:88,2
DA:90,2
DA:91,1
DA:92,1
DA:93,1
DA:95,1
DA:99,1
DA:100,1
DA:101,1
DA:111,1
LF:56
LH:43
BRDA:13,0,0,2
BRDA:13,0,1,2
BRDA:23,1,0,1
BRDA:23,1,1,1
BRDA:30,2,0,0
BRDA:30,2,1,1
BRDA:49,3,0,0
BRDA:49,3,1,3
BRDA:58,4,0,1
BRDA:58,4,1,2
BRDA:61,5,0,1
BRDA:61,5,1,0
BRDA:68,6,0,0
BRDA:68,6,1,0
BRDA:78,7,0,0
BRDA:78,7,1,0
BRDA:90,8,0,1
BRDA:90,8,1,1
BRDA:100,9,0,0
BRDA:100,9,1,1
BRF:20
BRH:12
end_of_record
TN:
SF:testing\setup.js
FN:3,(anonymous_0)
FN:8,(anonymous_1)
FN:11,(anonymous_2)
FN:17,(anonymous_3)
FN:18,(anonymous_4)
FNF:5
FNH:4
FNDA:1,(anonymous_0)
FNDA:1,(anonymous_1)
FNDA:0,(anonymous_2)
FNDA:1,(anonymous_3)
FNDA:1,(anonymous_4)
DA:1,1
DA:3,1
DA:4,1
DA:9,1
DA:10,1
DA:12,0
DA:13,0
DA:17,1
DA:18,1
DA:19,1
DA:20,1
LF:11
LH:9
BRF:0
BRH:0
end_of_record
TN:
SF:utils\userValidation.js
FN:3,(anonymous_0)
FN:58,(anonymous_1)
FNF:2
FNH:2
FNDA:4,(anonymous_0)
FNDA:3,(anonymous_1)
DA:1,1
DA:3,1
DA:4,4
DA:5,4
DA:6,4
DA:7,0
DA:9,0
DA:11,4
DA:12,4
DA:13,0
DA:14,4
DA:15,1
DA:17,0
DA:19,4
DA:20,4
DA:21,1
DA:22,3
DA:23,0
DA:25,0
DA:27,4
DA:28,4
DA:29,0
DA:30,4
DA:31,0
DA:33,0
DA:35,4
DA:36,4
DA:37,0
DA:39,0
DA:41,4
DA:42,0
DA:45,4
DA:46,0
DA:49,4
DA:50,0
DA:52,4
DA:58,1
DA:59,3
DA:60,3
DA:61,3
DA:62,0
DA:64,0
DA:66,3
DA:67,3
DA:68,0
DA:69,3
DA:70,0
DA:72,0
DA:74,3
DA:80,1
LF:50
LH:31
BRDA:5,0,0,4
BRDA:5,0,1,0
BRDA:6,1,0,0
BRDA:6,1,1,4
BRDA:11,2,0,4
BRDA:11,2,1,0
BRDA:12,3,0,0
BRDA:12,3,1,4
BRDA:14,4,0,1
BRDA:14,4,1,3
BRDA:19,5,0,4
BRDA:19,5,1,0
BRDA:20,6,0,1
BRDA:20,6,1,3
BRDA:22,7,0,0
BRDA:22,7,1,3
BRDA:27,8,0,4
BRDA:27,8,1,0
BRDA:28,9,0,0
BRDA:28,9,1,4
BRDA:30,10,0,0
BRDA:30,10,1,4
BRDA:35,11,0,4
BRDA:35,11,1,0
BRDA:36,12,0,0
BRDA:36,12,1,4
BRDA:41,13,0,0
BRDA:41,13,1,4
BRDA:45,14,0,0
BRDA:45,14,1,4
BRDA:49,15,0,0
BRDA:49,15,1,4
BRDA:60,16,0,3
BRDA:60,16,1,0
BRDA:61,17,0,0
BRDA:61,17,1,3
BRDA:66,18,0,3
BRDA:66,18,1,0
BRDA:67,19,0,0
BRDA:67,19,1,3
BRDA:69,20,0,0
BRDA:69,20,1,3
BRF:42
BRH:23
end_of_record
